# JRE version: Java(TM) SE Runtime Environment (8.0_181-b13) (build 1.8.0_181-b13)
# Java VM: Java HotSpot(TM) 64-Bit Server VM (25.181-b13 mixed mode windows-amd64 compressed oops)
Heap:
 PSYoungGen      total 241152K, used 95356K [0x00000000d5580000, 0x00000000e6d80000, 0x0000000100000000)
  eden space 230912K, 36% used [0x00000000d5580000,0x00000000da8a1668,0x00000000e3700000)
  from space 10240K, 99% used [0x00000000e6380000,0x00000000e6d7da48,0x00000000e6d80000)
  to   space 13312K, 0% used [0x00000000e5380000,0x00000000e5380000,0x00000000e6080000)
 ParOldGen       total 59392K, used 16681K [0x0000000080000000, 0x0000000083a00000, 0x00000000d5580000)
  object space 59392K, 28% used [0x0000000080000000,0x000000008104a5f0,0x0000000083a00000)
 Metaspace       used 29352K, capacity 30298K, committed 30464K, reserved 1075200K
  class space    used 3580K, capacity 3801K, committed 3840K, reserved 1048576K
GC Heap History (10 events):
Event: 2.684 GC heap before
{Heap before GC invocations=5 (full 0):
 PSYoungGen      total 71680K, used 71677K [0x00000000d5580000, 0x00000000da080000, 0x0000000100000000)
  eden space 66560K, 100% used [0x00000000d5580000,0x00000000d9680000,0x00000000d9680000)
  from space 5120K, 99% used [0x00000000d9b80000,0x00000000da07f700,0x00000000da080000)
  to   space 5120K, 0% used [0x00000000d9680000,0x00000000d9680000,0x00000000d9b80000)
 ParOldGen       total 87552K, used 3557K [0x0000000080000000, 0x0000000085580000, 0x00000000d5580000)
  object space 87552K, 4% used [0x0000000080000000,0x00000000803796f8,0x0000000085580000)
 Metaspace       used 20284K, capacity 20510K, committed 20864K, reserved 1067008K
  class space    used 2274K, capacity 2364K, committed 2432K, reserved 1048576K
Event: 2.695 GC heap after
Heap after GC invocations=5 (full 0):
 PSYoungGen      total 71680K, used 5118K [0x00000000d5580000, 0x00000000dec80000, 0x0000000100000000)
  eden space 66560K, 0% used [0x00000000d5580000,0x00000000d5580000,0x00000000d9680000)
  from space 5120K, 99% used [0x00000000d9680000,0x00000000d9b7f848,0x00000000d9b80000)
  to   space 10752K, 0% used [0x00000000de200000,0x00000000de200000,0x00000000dec80000)
 ParOldGen       total 87552K, used 8766K [0x0000000080000000, 0x0000000085580000, 0x00000000d5580000)
  object space 87552K, 10% used [0x0000000080000000,0x000000008088f9c8,0x0000000085580000)
 Metaspace       used 20284K, capacity 20510K, committed 20864K, reserved 1067008K
  class space    used 2274K, capacity 2364K, committed 2432K, reserved 1048576K
}
Event: 3.070 GC heap before
{Heap before GC invocations=6 (full 0):
 PSYoungGen      total 71680K, used 71678K [0x00000000d5580000, 0x00000000dec80000, 0x0000000100000000)
  eden space 66560K, 100% used [0x00000000d5580000,0x00000000d9680000,0x00000000d9680000)
  from space 5120K, 99% used [0x00000000d9680000,0x00000000d9b7f848,0x00000000d9b80000)
  to   space 10752K, 0% used [0x00000000de200000,0x00000000de200000,0x00000000dec80000)
 ParOldGen       total 87552K, used 8766K [0x0000000080000000, 0x0000000085580000, 0x00000000d5580000)
  object space 87552K, 10% used [0x0000000080000000,0x000000008088f9c8,0x0000000085580000)
 Metaspace       used 20701K, capacity 20990K, committed 21296K, reserved 1069056K
  class space    used 2304K, capacity 2396K, committed 2432K, reserved 1048576K
Event: 3.078 GC heap after
Heap after GC invocations=6 (full 0):
 PSYoungGen      total 143872K, used 7599K [0x00000000d5580000, 0x00000000dec80000, 0x0000000100000000)
  eden space 133120K, 0% used [0x00000000d5580000,0x00000000d5580000,0x00000000dd780000)
  from space 10752K, 70% used [0x00000000de200000,0x00000000de96bf90,0x00000000dec80000)
  to   space 10752K, 0% used [0x00000000dd780000,0x00000000dd780000,0x00000000de200000)
 ParOldGen       total 87552K, used 8774K [0x0000000080000000, 0x0000000085580000, 0x00000000d5580000)
  object space 87552K, 10% used [0x0000000080000000,0x00000000808919c8,0x0000000085580000)
 Metaspace       used 20701K, capacity 20990K, committed 21296K, reserved 1069056K
  class space    used 2304K, capacity 2396K, committed 2432K, reserved 1048576K
}
Event: 3.111 GC heap before
{Heap before GC invocations=7 (full 0):
 PSYoungGen      total 143872K, used 13020K [0x00000000d5580000, 0x00000000dec80000, 0x0000000100000000)
  eden space 133120K, 4% used [0x00000000d5580000,0x00000000d5acb070,0x00000000dd780000)
  from space 10752K, 70% used [0x00000000de200000,0x00000000de96bf90,0x00000000dec80000)
  to   space 10752K, 0% used [0x00000000dd780000,0x00000000dd780000,0x00000000de200000)
 ParOldGen       total 87552K, used 8774K [0x0000000080000000, 0x0000000085580000, 0x00000000d5580000)
  object space 87552K, 10% used [0x0000000080000000,0x00000000808919c8,0x0000000085580000)
 Metaspace       used 20806K, capacity 21060K, committed 21296K, reserved 1069056K
  class space    used 2312K, capacity 2398K, committed 2432K, reserved 1048576K
Event: 3.120 GC heap after
Heap after GC invocations=7 (full 0):
 PSYoungGen      total 143872K, used 5968K [0x00000000d5580000, 0x00000000e6d80000, 0x0000000100000000)
  eden space 133120K, 0% used [0x00000000d5580000,0x00000000d5580000,0x00000000dd780000)
  from space 10752K, 55% used [0x00000000dd780000,0x00000000ddd54010,0x00000000de200000)
  to   space 10240K, 0% used [0x00000000e6380000,0x00000000e6380000,0x00000000e6d80000)
 ParOldGen       total 87552K, used 11156K [0x0000000080000000, 0x0000000085580000, 0x00000000d5580000)
  object space 87552K, 12% used [0x0000000080000000,0x0000000080ae5170,0x0000000085580000)
 Metaspace       used 20806K, capacity 21060K, committed 21296K, reserved 1069056K
  class space    used 2312K, capacity 2398K, committed 2432K, reserved 1048576K
}
Event: 3.120 GC heap before
{Heap before GC invocations=8 (full 1):
 PSYoungGen      total 143872K, used 5968K [0x00000000d5580000, 0x00000000e6d80000, 0x0000000100000000)
  eden space 133120K, 0% used [0x00000000d5580000,0x00000000d5580000,0x00000000dd780000)
  from space 10752K, 55% used [0x00000000dd780000,0x00000000ddd54010,0x00000000de200000)
  to   space 10240K, 0% used [0x00000000e6380000,0x00000000e6380000,0x00000000e6d80000)
 ParOldGen       total 87552K, used 11156K [0x0000000080000000, 0x0000000085580000, 0x00000000d5580000)
  object space 87552K, 12% used [0x0000000080000000,0x0000000080ae5170,0x0000000085580000)
 Metaspace       used 20806K, capacity 21060K, committed 21296K, reserved 1069056K
  class space    used 2312K, capacity 2398K, committed 2432K, reserved 1048576K
Event: 3.175 GC heap after
Heap after GC invocations=8 (full 1):
 PSYoungGen      total 143872K, used 0K [0x00000000d5580000, 0x00000000e6d80000, 0x0000000100000000)
  eden space 133120K, 0% used [0x00000000d5580000,0x00000000d5580000,0x00000000dd780000)
  from space 10752K, 0% used [0x00000000dd780000,0x00000000dd780000,0x00000000de200000)
  to   space 10240K, 0% used [0x00000000e6380000,0x00000000e6380000,0x00000000e6d80000)
 ParOldGen       total 59392K, used 12944K [0x0000000080000000, 0x0000000083a00000, 0x00000000d5580000)
  object space 59392K, 21% used [0x0000000080000000,0x0000000080ca4108,0x0000000083a00000)
 Metaspace       used 20806K, capacity 21060K, committed 21296K, reserved 1069056K
  class space    used 2312K, capacity 2398K, committed 2432K, reserved 1048576K
}
Event: 13.771 GC heap before
{Heap before GC invocations=9 (full 1):
 PSYoungGen      total 143872K, used 133093K [0x00000000d5580000, 0x00000000e6d80000, 0x0000000100000000)
  eden space 133120K, 99% used [0x00000000d5580000,0x00000000dd779538,0x00000000dd780000)
  from space 10752K, 0% used [0x00000000dd780000,0x00000000dd780000,0x00000000de200000)
  to   space 10240K, 0% used [0x00000000e6380000,0x00000000e6380000,0x00000000e6d80000)
 ParOldGen       total 59392K, used 12944K [0x0000000080000000, 0x0000000083a00000, 0x00000000d5580000)
  object space 59392K, 21% used [0x0000000080000000,0x0000000080ca4108,0x0000000083a00000)
 Metaspace       used 28853K, capacity 29784K, committed 29952K, reserved 1075200K
  class space    used 3519K, capacity 3751K, committed 3840K, reserved 1048576K
Event: 13.787 GC heap after
Heap after GC invocations=9 (full 1):
 PSYoungGen      total 241152K, used 10230K [0x00000000d5580000, 0x00000000e6d80000, 0x0000000100000000)
  eden space 230912K, 0% used [0x00000000d5580000,0x00000000d5580000,0x00000000e3700000)
  from space 10240K, 99% used [0x00000000e6380000,0x00000000e6d7da48,0x00000000e6d80000)
  to   space 13312K, 0% used [0x00000000e5380000,0x00000000e5380000,0x00000000e6080000)
 ParOldGen       total 59392K, used 16681K [0x0000000080000000, 0x0000000083a00000, 0x00000000d5580000)
  object space 59392K, 28% used [0x0000000080000000,0x000000008104a5f0,0x0000000083a00000)
 Metaspace       used 28853K, capacity 29784K, committed 29952K, reserved 1075200K
  class space    used 3519K, capacity 3751K, committed 3840K, reserved 1048576K
}

